2022-04-01 02:33:41.716  INFO [user-service,,] 11392 --- [main] c.m.u.UserServiceApplicationTests        : Starting UserServiceApplicationTests using Java 11.0.13 on MAVCHN1121119 with PID 11392 (started by deepaksi in D:\Maveric\user-service)
2022-04-01 02:33:41.717  INFO [user-service,,] 11392 --- [main] c.m.u.UserServiceApplicationTests        : No active profile set, falling back to 1 default profile: "default"
2022-04-01 02:33:42.678  INFO [user-service,,] 11392 --- [main] .s.d.r.c.RepositoryConfigurationDelegate : Bootstrapping Spring Data MongoDB repositories in DEFAULT mode.
2022-04-01 02:33:42.830  INFO [user-service,,] 11392 --- [main] .s.d.r.c.RepositoryConfigurationDelegate : Finished Spring Data repository scanning in 154 ms. Found 1 MongoDB repository interfaces.
2022-04-01 02:33:43.125  INFO [user-service,,] 11392 --- [main] o.s.cloud.context.scope.GenericScope     : BeanFactory id=f91c0fc6-6d08-3976-9157-8b6c1dcff3bb
2022-04-01 02:33:44.115  WARN [user-service,,] 11392 --- [main] o.s.c.s.a.z.ZipkinAutoConfiguration      : Check result of the [RestTemplateSender{http://localhost:9411/api/v2/spans}] contains an error [CheckResult{ok=false, error=org.springframework.web.client.HttpClientErrorException$BadRequest: 400 Bad Request: "Empty JSON_V2 message"}]
2022-04-01 02:33:45.052  INFO [user-service,,] 11392 --- [main] org.mongodb.driver.cluster               : Cluster created with settings {hosts=[host.docker.internal:27017], mode=SINGLE, requiredClusterType=UNKNOWN, serverSelectionTimeout='30000 ms'}
2022-04-01 02:33:45.128  INFO [user-service,,] 11392 --- [cluster-ClusterId{value='62461731691b91137428d378', description='null'}-host.docker.internal:27017] org.mongodb.driver.connection            : Opened connection [connectionId{localValue:1, serverValue:44}] to host.docker.internal:27017
2022-04-01 02:33:45.128  INFO [user-service,,] 11392 --- [cluster-rtt-ClusterId{value='62461731691b91137428d378', description='null'}-host.docker.internal:27017] org.mongodb.driver.connection            : Opened connection [connectionId{localValue:2, serverValue:43}] to host.docker.internal:27017
2022-04-01 02:33:45.128  INFO [user-service,,] 11392 --- [cluster-ClusterId{value='62461731691b91137428d378', description='null'}-host.docker.internal:27017] org.mongodb.driver.cluster               : Monitor thread successfully connected to server with description ServerDescription{address=host.docker.internal:27017, type=STANDALONE, state=CONNECTED, ok=true, minWireVersion=0, maxWireVersion=13, maxDocumentSize=16777216, logicalSessionTimeoutMinutes=30, roundTripTimeNanos=22104700}
2022-04-01 02:33:45.185  WARN [user-service,,] 11392 --- [main] o.s.data.convert.CustomConversions       : Registering converter from class java.time.LocalDateTime to class org.joda.time.LocalDateTime as reading converter although it doesn't convert from a store-supported type! You might want to check your annotation setup at the converter implementation.
2022-04-01 02:33:45.415  WARN [user-service,,] 11392 --- [main] o.s.data.convert.CustomConversions       : Registering converter from class java.time.LocalDateTime to class org.joda.time.LocalDateTime as reading converter although it doesn't convert from a store-supported type! You might want to check your annotation setup at the converter implementation.
2022-04-01 02:33:48.294  INFO [user-service,,] 11392 --- [main] DiscoveryClientOptionalArgsConfiguration : Eureka HTTP Client uses RestTemplate.
2022-04-01 02:33:48.957  WARN [user-service,,] 11392 --- [main] iguration$LoadBalancerCaffeineWarnLogger : Spring Cloud LoadBalancer is currently working with the default cache. While this cache implementation is useful for development and tests, it's recommended to use Caffeine cache in production.You can switch to using Caffeine cache, by adding it and org.springframework.cache.caffeine.CaffeineCacheManager to the classpath.
2022-04-01 02:33:49.157  INFO [user-service,,] 11392 --- [main] o.s.c.n.eureka.InstanceInfoFactory       : Setting initial instance status as: STARTING
2022-04-01 02:33:49.280  INFO [user-service,,] 11392 --- [main] com.netflix.discovery.DiscoveryClient    : Initializing Eureka in region us-east-1
2022-04-01 02:33:49.280  INFO [user-service,,] 11392 --- [main] c.n.d.s.r.aws.ConfigClusterResolver      : Resolving eureka endpoints via configuration
2022-04-01 02:33:49.312  INFO [user-service,,] 11392 --- [main] com.netflix.discovery.DiscoveryClient    : Disable delta property : false
2022-04-01 02:33:49.312  INFO [user-service,,] 11392 --- [main] com.netflix.discovery.DiscoveryClient    : Single vip registry refresh property : null
2022-04-01 02:33:49.312  INFO [user-service,,] 11392 --- [main] com.netflix.discovery.DiscoveryClient    : Force full registry fetch : false
2022-04-01 02:33:49.312  INFO [user-service,,] 11392 --- [main] com.netflix.discovery.DiscoveryClient    : Application is null : false
2022-04-01 02:33:49.312  INFO [user-service,,] 11392 --- [main] com.netflix.discovery.DiscoveryClient    : Registered Applications size is zero : true
2022-04-01 02:33:49.312  INFO [user-service,,] 11392 --- [main] com.netflix.discovery.DiscoveryClient    : Application version is -1: true
2022-04-01 02:33:49.312  INFO [user-service,,] 11392 --- [main] com.netflix.discovery.DiscoveryClient    : Getting all instance registry info from the eureka server
2022-04-01 02:33:49.670  INFO [user-service,,] 11392 --- [main] com.netflix.discovery.DiscoveryClient    : The response status is 200
2022-04-01 02:33:49.679  INFO [user-service,,] 11392 --- [main] com.netflix.discovery.DiscoveryClient    : Starting heartbeat executor: renew interval is: 30
2022-04-01 02:33:49.679  INFO [user-service,,] 11392 --- [main] c.n.discovery.InstanceInfoReplicator     : InstanceInfoReplicator onDemand update allowed rate per min is 4
2022-04-01 02:33:49.679  INFO [user-service,,] 11392 --- [main] com.netflix.discovery.DiscoveryClient    : Discovery Client initialized at timestamp 1648760629679 with initial instances count: 5
2022-04-01 02:33:49.696  INFO [user-service,,] 11392 --- [main] o.s.c.n.e.s.EurekaServiceRegistry        : Registering application USER-SERVICE with eureka with status UP
2022-04-01 02:33:49.696  INFO [user-service,,] 11392 --- [main] com.netflix.discovery.DiscoveryClient    : Saw local status change event StatusChangeEvent [timestamp=1648760629696, current=UP, previous=STARTING]
2022-04-01 02:33:49.696  INFO [user-service,,] 11392 --- [DiscoveryClient-InstanceInfoReplicator-0] com.netflix.discovery.DiscoveryClient    : DiscoveryClient_USER-SERVICE/host.docker.internal:user-service:3005: registering service...
2022-04-01 02:33:49.722  INFO [user-service,,] 11392 --- [main] c.m.u.UserServiceApplicationTests        : Started UserServiceApplicationTests in 8.865 seconds (JVM running for 9.869)
2022-04-01 02:33:49.762  INFO [user-service,,] 11392 --- [DiscoveryClient-InstanceInfoReplicator-0] com.netflix.discovery.DiscoveryClient    : DiscoveryClient_USER-SERVICE/host.docker.internal:user-service:3005 - registration status: 204
2022-04-01 02:33:50.232  INFO [user-service,,] 11392 --- [Thread-3] o.s.c.s.a.z.ZipkinAutoConfiguration      : Flushing remaining spans on shutdown
2022-04-01 02:33:50.247  INFO [user-service,,] 11392 --- [SpringApplicationShutdownHook] o.s.c.n.e.s.EurekaServiceRegistry        : Unregistering application USER-SERVICE with eureka with status DOWN
2022-04-01 02:33:50.247  INFO [user-service,,] 11392 --- [SpringApplicationShutdownHook] com.netflix.discovery.DiscoveryClient    : Saw local status change event StatusChangeEvent [timestamp=1648760630247, current=DOWN, previous=UP]
2022-04-01 02:33:50.247  INFO [user-service,,] 11392 --- [DiscoveryClient-InstanceInfoReplicator-0] com.netflix.discovery.DiscoveryClient    : DiscoveryClient_USER-SERVICE/host.docker.internal:user-service:3005: registering service...
2022-04-01 02:33:50.260  INFO [user-service,,] 11392 --- [DiscoveryClient-InstanceInfoReplicator-0] com.netflix.discovery.DiscoveryClient    : DiscoveryClient_USER-SERVICE/host.docker.internal:user-service:3005 - registration status: 204
2022-04-01 02:33:51.276  INFO [user-service,,] 11392 --- [SpringApplicationShutdownHook] com.netflix.discovery.DiscoveryClient    : Shutting down DiscoveryClient ...
2022-04-01 02:33:54.290  INFO [user-service,,] 11392 --- [SpringApplicationShutdownHook] com.netflix.discovery.DiscoveryClient    : Unregistering ...
2022-04-01 02:33:54.309  INFO [user-service,,] 11392 --- [SpringApplicationShutdownHook] com.netflix.discovery.DiscoveryClient    : DiscoveryClient_USER-SERVICE/host.docker.internal:user-service:3005 - deregister  status: 200
2022-04-01 02:33:54.313  INFO [user-service,,] 11392 --- [SpringApplicationShutdownHook] com.netflix.discovery.DiscoveryClient    : Completed shut down of DiscoveryClient
